  [1m[36m (1.3ms)[0m  [1mCREATE TABLE "schema_migrations" ("version" varchar NOT NULL) [0m
  [1m[35m (0.5ms)[0m  select sqlite_version(*)
  [1m[36m (0.9ms)[0m  [1mCREATE UNIQUE INDEX "unique_schema_migrations" ON "schema_migrations" ("version")[0m
  [1m[35mActiveRecord::SchemaMigration Load (0.2ms)[0m  SELECT "schema_migrations".* FROM "schema_migrations"
Migrating to CreatePayolaSales (20141001170138)
  [1m[36m (0.1ms)[0m  [1mbegin transaction[0m
DEPRECATION WARNING: `#timestamps` was called without specifying an option for `null`. In Rails 5, this behavior will change to `null: false`. You should manually specify `null: true` to prevent the behavior of your existing migrations from changing. (called from measure at /Users/altuzar/.rvm/rubies/ruby-2.1.2/lib/ruby/2.1.0/benchmark.rb:279)
  [1m[35m (1.1ms)[0m  CREATE TABLE "payola_sales" ("id" INTEGER PRIMARY KEY AUTOINCREMENT NOT NULL, "email" varchar(191), "guid" varchar(191), "product_id" integer, "product_type" varchar(100), "created_at" datetime, "updated_at" datetime, "state" varchar, "stripe_id" varchar, "stripe_token" varchar, "card_last4" varchar, "card_expiration" date, "card_type" varchar, "error" text, "amount" integer, "fee_amount" integer, "coupon_id" integer, "opt_in" boolean, "download_count" integer, "affiliate_id" integer, "customer_address" text, "business_address" text) 
  [1m[36m (0.2ms)[0m  [1mCREATE  INDEX "index_payola_sales_on_coupon_id" ON "payola_sales" ("coupon_id")[0m
  [1m[35m (0.1ms)[0m              SELECT sql
            FROM sqlite_master
            WHERE name='index_payola_sales_on_coupon_id' AND type='index'
            UNION ALL
            SELECT sql
            FROM sqlite_temp_master
            WHERE name='index_payola_sales_on_coupon_id' AND type='index'

  [1m[36m (0.1ms)[0m  [1mCREATE  INDEX "index_payola_sales_on_product" ON "payola_sales" ("product_id", "product_type")[0m
  [1m[35m (0.1ms)[0m              SELECT sql
            FROM sqlite_master
            WHERE name='index_payola_sales_on_product' AND type='index'
            UNION ALL
            SELECT sql
            FROM sqlite_temp_master
            WHERE name='index_payola_sales_on_product' AND type='index'

  [1m[36m (0.1ms)[0m  [1m            SELECT sql
            FROM sqlite_master
            WHERE name='index_payola_sales_on_coupon_id' AND type='index'
            UNION ALL
            SELECT sql
            FROM sqlite_temp_master
            WHERE name='index_payola_sales_on_coupon_id' AND type='index'
[0m
  [1m[35m (5.2ms)[0m  CREATE  INDEX "index_payola_sales_on_email" ON "payola_sales" ("email")
  [1m[36m (0.1ms)[0m  [1m            SELECT sql
            FROM sqlite_master
            WHERE name='index_payola_sales_on_email' AND type='index'
            UNION ALL
            SELECT sql
            FROM sqlite_temp_master
            WHERE name='index_payola_sales_on_email' AND type='index'
[0m
  [1m[35m (0.1ms)[0m              SELECT sql
            FROM sqlite_master
            WHERE name='index_payola_sales_on_product' AND type='index'
            UNION ALL
            SELECT sql
            FROM sqlite_temp_master
            WHERE name='index_payola_sales_on_product' AND type='index'

  [1m[36m (0.1ms)[0m  [1m            SELECT sql
            FROM sqlite_master
            WHERE name='index_payola_sales_on_coupon_id' AND type='index'
            UNION ALL
            SELECT sql
            FROM sqlite_temp_master
            WHERE name='index_payola_sales_on_coupon_id' AND type='index'
[0m
  [1m[35m (0.2ms)[0m  CREATE  INDEX "index_payola_sales_on_guid" ON "payola_sales" ("guid")
  [1m[36mSQL (0.3ms)[0m  [1mINSERT INTO "schema_migrations" ("version") VALUES (?)[0m  [["version", "20141001170138"]]
  [1m[35m (1.1ms)[0m  commit transaction
Migrating to CreatePayolaStripeWebhooks (20141001203541)
  [1m[36m (0.1ms)[0m  [1mbegin transaction[0m
DEPRECATION WARNING: `#timestamps` was called without specifying an option for `null`. In Rails 5, this behavior will change to `null: false`. You should manually specify `null: true` to prevent the behavior of your existing migrations from changing. (called from measure at /Users/altuzar/.rvm/rubies/ruby-2.1.2/lib/ruby/2.1.0/benchmark.rb:279)
  [1m[35m (0.5ms)[0m  CREATE TABLE "payola_stripe_webhooks" ("id" INTEGER PRIMARY KEY AUTOINCREMENT NOT NULL, "stripe_id" varchar, "created_at" datetime, "updated_at" datetime) 
  [1m[36mSQL (0.2ms)[0m  [1mINSERT INTO "schema_migrations" ("version") VALUES (?)[0m  [["version", "20141001203541"]]
  [1m[35m (8.5ms)[0m  commit transaction
Migrating to CreatePayolaCoupons (20141002013618)
  [1m[36m (0.1ms)[0m  [1mbegin transaction[0m
DEPRECATION WARNING: `#timestamps` was called without specifying an option for `null`. In Rails 5, this behavior will change to `null: false`. You should manually specify `null: true` to prevent the behavior of your existing migrations from changing. (called from measure at /Users/altuzar/.rvm/rubies/ruby-2.1.2/lib/ruby/2.1.0/benchmark.rb:279)
  [1m[35m (0.7ms)[0m  CREATE TABLE "payola_coupons" ("id" INTEGER PRIMARY KEY AUTOINCREMENT NOT NULL, "code" varchar, "percent_off" integer, "created_at" datetime, "updated_at" datetime) 
  [1m[36mSQL (0.2ms)[0m  [1mINSERT INTO "schema_migrations" ("version") VALUES (?)[0m  [["version", "20141002013618"]]
  [1m[35m (0.7ms)[0m  commit transaction
Migrating to CreatePayolaAffiliates (20141002013701)
  [1m[36m (0.1ms)[0m  [1mbegin transaction[0m
DEPRECATION WARNING: `#timestamps` was called without specifying an option for `null`. In Rails 5, this behavior will change to `null: false`. You should manually specify `null: true` to prevent the behavior of your existing migrations from changing. (called from measure at /Users/altuzar/.rvm/rubies/ruby-2.1.2/lib/ruby/2.1.0/benchmark.rb:279)
  [1m[35m (0.5ms)[0m  CREATE TABLE "payola_affiliates" ("id" INTEGER PRIMARY KEY AUTOINCREMENT NOT NULL, "code" varchar, "email" varchar, "percent" integer, "created_at" datetime, "updated_at" datetime) 
  [1m[36mSQL (0.2ms)[0m  [1mINSERT INTO "schema_migrations" ("version") VALUES (?)[0m  [["version", "20141002013701"]]
  [1m[35m (7.1ms)[0m  commit transaction
Migrating to AddStripeCustomerIdToSale (20141002203725)
  [1m[36m (0.1ms)[0m  [1mbegin transaction[0m
  [1m[35m (1.6ms)[0m  ALTER TABLE "payola_sales" ADD "stripe_customer_id" varchar(191)
  [1m[36m (0.1ms)[0m  [1m            SELECT sql
            FROM sqlite_master
            WHERE name='index_payola_sales_on_guid' AND type='index'
            UNION ALL
            SELECT sql
            FROM sqlite_temp_master
            WHERE name='index_payola_sales_on_guid' AND type='index'
[0m
  [1m[35m (0.1ms)[0m              SELECT sql
            FROM sqlite_master
            WHERE name='index_payola_sales_on_email' AND type='index'
            UNION ALL
            SELECT sql
            FROM sqlite_temp_master
            WHERE name='index_payola_sales_on_email' AND type='index'

  [1m[36m (0.1ms)[0m  [1m            SELECT sql
            FROM sqlite_master
            WHERE name='index_payola_sales_on_product' AND type='index'
            UNION ALL
            SELECT sql
            FROM sqlite_temp_master
            WHERE name='index_payola_sales_on_product' AND type='index'
[0m
  [1m[35m (0.1ms)[0m              SELECT sql
            FROM sqlite_master
            WHERE name='index_payola_sales_on_coupon_id' AND type='index'
            UNION ALL
            SELECT sql
            FROM sqlite_temp_master
            WHERE name='index_payola_sales_on_coupon_id' AND type='index'

  [1m[36m (0.2ms)[0m  [1mCREATE  INDEX "index_payola_sales_on_stripe_customer_id" ON "payola_sales" ("stripe_customer_id")[0m
  [1m[35mSQL (0.2ms)[0m  INSERT INTO "schema_migrations" ("version") VALUES (?)  [["version", "20141002203725"]]
  [1m[36m (0.8ms)[0m  [1mcommit transaction[0m
Migrating to AddCurrencyToPayolaSale (20141017233304)
  [1m[35m (0.1ms)[0m  begin transaction
  [1m[36m (0.6ms)[0m  [1mALTER TABLE "payola_sales" ADD "currency" varchar[0m
  [1m[35mSQL (0.2ms)[0m  INSERT INTO "schema_migrations" ("version") VALUES (?)  [["version", "20141017233304"]]
  [1m[36m (0.8ms)[0m  [1mcommit transaction[0m
Migrating to AddCustomFieldsToPayolaSale (20141026101628)
  [1m[35m (0.1ms)[0m  begin transaction
  [1m[36m (0.6ms)[0m  [1mALTER TABLE "payola_sales" ADD "custom_fields" text[0m
  [1m[35mSQL (0.2ms)[0m  INSERT INTO "schema_migrations" ("version") VALUES (?)  [["version", "20141026101628"]]
  [1m[36m (0.7ms)[0m  [1mcommit transaction[0m
Migrating to RenameCustomFieldsToSignedCustomFieldsOnPayolaSale (20141026144800)
  [1m[35m (0.1ms)[0m  begin transaction
  [1m[36m (2.1ms)[0m  [1mCREATE TEMPORARY TABLE "apayola_sales" ("id" INTEGER PRIMARY KEY AUTOINCREMENT NOT NULL, "email" varchar(191), "guid" varchar(191), "product_id" integer, "product_type" varchar(100), "created_at" datetime, "updated_at" datetime, "state" varchar, "stripe_id" varchar, "stripe_token" varchar, "card_last4" varchar, "card_expiration" date, "card_type" varchar, "error" text, "amount" integer, "fee_amount" integer, "coupon_id" integer, "opt_in" boolean, "download_count" integer, "affiliate_id" integer, "customer_address" text, "business_address" text, "stripe_customer_id" varchar(191), "currency" varchar, "signed_custom_fields" text) [0m
  [1m[35m (0.1ms)[0m              SELECT sql
            FROM sqlite_master
            WHERE name='index_payola_sales_on_stripe_customer_id' AND type='index'
            UNION ALL
            SELECT sql
            FROM sqlite_temp_master
            WHERE name='index_payola_sales_on_stripe_customer_id' AND type='index'

  [1m[36m (0.1ms)[0m  [1m            SELECT sql
            FROM sqlite_master
            WHERE name='index_payola_sales_on_guid' AND type='index'
            UNION ALL
            SELECT sql
            FROM sqlite_temp_master
            WHERE name='index_payola_sales_on_guid' AND type='index'
[0m
  [1m[35m (0.1ms)[0m              SELECT sql
            FROM sqlite_master
            WHERE name='index_payola_sales_on_email' AND type='index'
            UNION ALL
            SELECT sql
            FROM sqlite_temp_master
            WHERE name='index_payola_sales_on_email' AND type='index'

  [1m[36m (0.1ms)[0m  [1m            SELECT sql
            FROM sqlite_master
            WHERE name='index_payola_sales_on_product' AND type='index'
            UNION ALL
            SELECT sql
            FROM sqlite_temp_master
            WHERE name='index_payola_sales_on_product' AND type='index'
[0m
  [1m[35m (0.1ms)[0m              SELECT sql
            FROM sqlite_master
            WHERE name='index_payola_sales_on_coupon_id' AND type='index'
            UNION ALL
            SELECT sql
            FROM sqlite_temp_master
            WHERE name='index_payola_sales_on_coupon_id' AND type='index'

  [1m[36m (0.2ms)[0m  [1mCREATE  INDEX "tindex_apayola_sales_on_stripe_customer_id" ON "apayola_sales" ("stripe_customer_id")[0m
  [1m[35m (0.1ms)[0m  CREATE  INDEX "tindex_apayola_sales_on_guid" ON "apayola_sales" ("guid")
  [1m[36m (0.2ms)[0m  [1mCREATE  INDEX "tindex_apayola_sales_on_email" ON "apayola_sales" ("email")[0m
  [1m[35m (0.2ms)[0m  CREATE  INDEX "tindex_apayola_sales_on_product" ON "apayola_sales" ("product_id", "product_type")
  [1m[36m (0.2ms)[0m  [1mCREATE  INDEX "tindex_apayola_sales_on_coupon_id" ON "apayola_sales" ("coupon_id")[0m
  [1m[35m (0.1ms)[0m  SELECT * FROM "payola_sales"
  [1m[36m (4.0ms)[0m  [1mDROP TABLE "payola_sales"[0m
  [1m[35m (0.3ms)[0m  CREATE TABLE "payola_sales" ("id" INTEGER PRIMARY KEY AUTOINCREMENT NOT NULL, "email" varchar(191), "guid" varchar(191), "product_id" integer, "product_type" varchar(100), "created_at" datetime, "updated_at" datetime, "state" varchar, "stripe_id" varchar, "stripe_token" varchar, "card_last4" varchar, "card_expiration" date, "card_type" varchar, "error" text, "amount" integer, "fee_amount" integer, "coupon_id" integer, "opt_in" boolean, "download_count" integer, "affiliate_id" integer, "customer_address" text, "business_address" text, "stripe_customer_id" varchar(191), "currency" varchar, "signed_custom_fields" text) 
  [1m[36m (0.1ms)[0m  [1m            SELECT sql
            FROM sqlite_master
            WHERE name='tindex_apayola_sales_on_coupon_id' AND type='index'
            UNION ALL
            SELECT sql
            FROM sqlite_temp_master
            WHERE name='tindex_apayola_sales_on_coupon_id' AND type='index'
[0m
  [1m[35m (0.1ms)[0m              SELECT sql
            FROM sqlite_master
            WHERE name='tindex_apayola_sales_on_product' AND type='index'
            UNION ALL
            SELECT sql
            FROM sqlite_temp_master
            WHERE name='tindex_apayola_sales_on_product' AND type='index'

  [1m[36m (0.2ms)[0m  [1m            SELECT sql
            FROM sqlite_master
            WHERE name='tindex_apayola_sales_on_email' AND type='index'
            UNION ALL
            SELECT sql
            FROM sqlite_temp_master
            WHERE name='tindex_apayola_sales_on_email' AND type='index'
[0m
  [1m[35m (0.1ms)[0m              SELECT sql
            FROM sqlite_master
            WHERE name='tindex_apayola_sales_on_guid' AND type='index'
            UNION ALL
            SELECT sql
            FROM sqlite_temp_master
            WHERE name='tindex_apayola_sales_on_guid' AND type='index'

  [1m[36m (0.1ms)[0m  [1m            SELECT sql
            FROM sqlite_master
            WHERE name='tindex_apayola_sales_on_stripe_customer_id' AND type='index'
            UNION ALL
            SELECT sql
            FROM sqlite_temp_master
            WHERE name='tindex_apayola_sales_on_stripe_customer_id' AND type='index'
[0m
  [1m[35m (0.2ms)[0m  CREATE  INDEX "index_payola_sales_on_coupon_id" ON "payola_sales" ("coupon_id")
  [1m[36m (0.1ms)[0m  [1m            SELECT sql
            FROM sqlite_master
            WHERE name='index_payola_sales_on_coupon_id' AND type='index'
            UNION ALL
            SELECT sql
            FROM sqlite_temp_master
            WHERE name='index_payola_sales_on_coupon_id' AND type='index'
[0m
  [1m[35m (0.2ms)[0m  CREATE  INDEX "index_payola_sales_on_product" ON "payola_sales" ("product_id", "product_type")
  [1m[36m (0.1ms)[0m  [1m            SELECT sql
            FROM sqlite_master
            WHERE name='index_payola_sales_on_product' AND type='index'
            UNION ALL
            SELECT sql
            FROM sqlite_temp_master
            WHERE name='index_payola_sales_on_product' AND type='index'
[0m
  [1m[35m (0.1ms)[0m              SELECT sql
            FROM sqlite_master
            WHERE name='index_payola_sales_on_coupon_id' AND type='index'
            UNION ALL
            SELECT sql
            FROM sqlite_temp_master
            WHERE name='index_payola_sales_on_coupon_id' AND type='index'

  [1m[36m (0.3ms)[0m  [1mCREATE  INDEX "index_payola_sales_on_email" ON "payola_sales" ("email")[0m
  [1m[35m (0.1ms)[0m              SELECT sql
            FROM sqlite_master
            WHERE name='index_payola_sales_on_email' AND type='index'
            UNION ALL
            SELECT sql
            FROM sqlite_temp_master
            WHERE name='index_payola_sales_on_email' AND type='index'

  [1m[36m (0.1ms)[0m  [1m            SELECT sql
            FROM sqlite_master
            WHERE name='index_payola_sales_on_product' AND type='index'
            UNION ALL
            SELECT sql
            FROM sqlite_temp_master
            WHERE name='index_payola_sales_on_product' AND type='index'
[0m
  [1m[35m (0.1ms)[0m              SELECT sql
            FROM sqlite_master
            WHERE name='index_payola_sales_on_coupon_id' AND type='index'
            UNION ALL
            SELECT sql
            FROM sqlite_temp_master
            WHERE name='index_payola_sales_on_coupon_id' AND type='index'

  [1m[36m (0.2ms)[0m  [1mCREATE  INDEX "index_payola_sales_on_guid" ON "payola_sales" ("guid")[0m
  [1m[35m (0.1ms)[0m              SELECT sql
            FROM sqlite_master
            WHERE name='index_payola_sales_on_guid' AND type='index'
            UNION ALL
            SELECT sql
            FROM sqlite_temp_master
            WHERE name='index_payola_sales_on_guid' AND type='index'

  [1m[36m (0.1ms)[0m  [1m            SELECT sql
            FROM sqlite_master
            WHERE name='index_payola_sales_on_email' AND type='index'
            UNION ALL
            SELECT sql
            FROM sqlite_temp_master
            WHERE name='index_payola_sales_on_email' AND type='index'
[0m
  [1m[35m (0.1ms)[0m              SELECT sql
            FROM sqlite_master
            WHERE name='index_payola_sales_on_product' AND type='index'
            UNION ALL
            SELECT sql
            FROM sqlite_temp_master
            WHERE name='index_payola_sales_on_product' AND type='index'

  [1m[36m (0.1ms)[0m  [1m            SELECT sql
            FROM sqlite_master
            WHERE name='index_payola_sales_on_coupon_id' AND type='index'
            UNION ALL
            SELECT sql
            FROM sqlite_temp_master
            WHERE name='index_payola_sales_on_coupon_id' AND type='index'
[0m
  [1m[35m (0.2ms)[0m  CREATE  INDEX "index_payola_sales_on_stripe_customer_id" ON "payola_sales" ("stripe_customer_id")
  [1m[36m (0.1ms)[0m  [1mSELECT * FROM "apayola_sales"[0m
  [1m[35m (0.7ms)[0m  DROP TABLE "apayola_sales"
  [1m[36m (0.1ms)[0m  [1m            SELECT sql
            FROM sqlite_master
            WHERE name='index_payola_sales_on_stripe_customer_id' AND type='index'
            UNION ALL
            SELECT sql
            FROM sqlite_temp_master
            WHERE name='index_payola_sales_on_stripe_customer_id' AND type='index'
[0m
  [1m[35m (0.1ms)[0m              SELECT sql
            FROM sqlite_master
            WHERE name='index_payola_sales_on_guid' AND type='index'
            UNION ALL
            SELECT sql
            FROM sqlite_temp_master
            WHERE name='index_payola_sales_on_guid' AND type='index'

  [1m[36m (0.1ms)[0m  [1m            SELECT sql
            FROM sqlite_master
            WHERE name='index_payola_sales_on_email' AND type='index'
            UNION ALL
            SELECT sql
            FROM sqlite_temp_master
            WHERE name='index_payola_sales_on_email' AND type='index'
[0m
  [1m[35m (8.0ms)[0m              SELECT sql
            FROM sqlite_master
            WHERE name='index_payola_sales_on_product' AND type='index'
            UNION ALL
            SELECT sql
            FROM sqlite_temp_master
            WHERE name='index_payola_sales_on_product' AND type='index'

  [1m[36m (0.2ms)[0m  [1m            SELECT sql
            FROM sqlite_master
            WHERE name='index_payola_sales_on_coupon_id' AND type='index'
            UNION ALL
            SELECT sql
            FROM sqlite_temp_master
            WHERE name='index_payola_sales_on_coupon_id' AND type='index'
[0m
  [1m[35mSQL (0.2ms)[0m  INSERT INTO "schema_migrations" ("version") VALUES (?)  [["version", "20141026144800"]]
  [1m[36m (1.5ms)[0m  [1mcommit transaction[0m
Migrating to AddOwnerToPayolaSale (20141029135848)
  [1m[35m (0.1ms)[0m  begin transaction
  [1m[36m (1.0ms)[0m  [1mALTER TABLE "payola_sales" ADD "owner_id" integer[0m
  [1m[35m (11.5ms)[0m  ALTER TABLE "payola_sales" ADD "owner_type" varchar(100)
  [1m[36m (0.1ms)[0m  [1m            SELECT sql
            FROM sqlite_master
            WHERE name='index_payola_sales_on_stripe_customer_id' AND type='index'
            UNION ALL
            SELECT sql
            FROM sqlite_temp_master
            WHERE name='index_payola_sales_on_stripe_customer_id' AND type='index'
[0m
  [1m[35m (0.1ms)[0m              SELECT sql
            FROM sqlite_master
            WHERE name='index_payola_sales_on_guid' AND type='index'
            UNION ALL
            SELECT sql
            FROM sqlite_temp_master
            WHERE name='index_payola_sales_on_guid' AND type='index'

  [1m[36m (0.1ms)[0m  [1m            SELECT sql
            FROM sqlite_master
            WHERE name='index_payola_sales_on_email' AND type='index'
            UNION ALL
            SELECT sql
            FROM sqlite_temp_master
            WHERE name='index_payola_sales_on_email' AND type='index'
[0m
  [1m[35m (0.1ms)[0m              SELECT sql
            FROM sqlite_master
            WHERE name='index_payola_sales_on_product' AND type='index'
            UNION ALL
            SELECT sql
            FROM sqlite_temp_master
            WHERE name='index_payola_sales_on_product' AND type='index'

  [1m[36m (0.1ms)[0m  [1m            SELECT sql
            FROM sqlite_master
            WHERE name='index_payola_sales_on_coupon_id' AND type='index'
            UNION ALL
            SELECT sql
            FROM sqlite_temp_master
            WHERE name='index_payola_sales_on_coupon_id' AND type='index'
[0m
  [1m[35m (0.2ms)[0m  CREATE  INDEX "index_payola_sales_on_owner_id_and_owner_type" ON "payola_sales" ("owner_id", "owner_type")
  [1m[36mSQL (0.2ms)[0m  [1mINSERT INTO "schema_migrations" ("version") VALUES (?)[0m  [["version", "20141029135848"]]
  [1m[35m (0.9ms)[0m  commit transaction
Migrating to CreatePayolaSubscriptions (20141105043439)
  [1m[36m (0.1ms)[0m  [1mbegin transaction[0m
DEPRECATION WARNING: `#timestamps` was called without specifying an option for `null`. In Rails 5, this behavior will change to `null: false`. You should manually specify `null: true` to prevent the behavior of your existing migrations from changing. (called from measure at /Users/altuzar/.rvm/rubies/ruby-2.1.2/lib/ruby/2.1.0/benchmark.rb:279)
  [1m[35m (29.9ms)[0m  CREATE TABLE "payola_subscriptions" ("id" INTEGER PRIMARY KEY AUTOINCREMENT NOT NULL, "plan_type" varchar, "plan_id" integer, "start" datetime, "status" varchar, "owner_type" varchar, "owner_id" integer, "stripe_customer_id" varchar, "cancel_at_period_end" boolean, "current_period_start" datetime, "current_period_end" datetime, "ended_at" datetime, "trial_start" datetime, "trial_end" datetime, "canceled_at" datetime, "quantity" integer, "stripe_id" varchar, "stripe_token" varchar, "card_last4" varchar, "card_expiration" date, "card_type" varchar, "error" text, "state" varchar, "email" varchar, "created_at" datetime, "updated_at" datetime) 
  [1m[36mSQL (0.2ms)[0m  [1mINSERT INTO "schema_migrations" ("version") VALUES (?)[0m  [["version", "20141105043439"]]
  [1m[35m (0.9ms)[0m  commit transaction
Migrating to AddCurrencyToPayolaSubscriptions (20141106034610)
  [1m[36m (0.1ms)[0m  [1mbegin transaction[0m
  [1m[35m (1.3ms)[0m  ALTER TABLE "payola_subscriptions" ADD "currency" varchar
  [1m[36m (0.3ms)[0m  [1mALTER TABLE "payola_subscriptions" ADD "amount" integer[0m
  [1m[35mSQL (0.2ms)[0m  INSERT INTO "schema_migrations" ("version") VALUES (?)  [["version", "20141106034610"]]
  [1m[36m (0.9ms)[0m  [1mcommit transaction[0m
Migrating to AddGuidToPayolaSubscriptions (20141107025420)
  [1m[35m (0.1ms)[0m  begin transaction
  [1m[36m (0.7ms)[0m  [1mALTER TABLE "payola_subscriptions" ADD "guid" varchar(191)[0m
  [1m[35m (0.2ms)[0m  CREATE  INDEX "index_payola_subscriptions_on_guid" ON "payola_subscriptions" ("guid")
  [1m[36mSQL (0.3ms)[0m  [1mINSERT INTO "schema_migrations" ("version") VALUES (?)[0m  [["version", "20141107025420"]]
  [1m[35m (0.8ms)[0m  commit transaction
Migrating to AddStripeStatusToPayolaSubscription (20141109203101)
  [1m[36m (0.1ms)[0m  [1mbegin transaction[0m
  [1m[35m (0.7ms)[0m  ALTER TABLE "payola_subscriptions" ADD "stripe_status" varchar
  [1m[36mSQL (0.2ms)[0m  [1mINSERT INTO "schema_migrations" ("version") VALUES (?)[0m  [["version", "20141109203101"]]
  [1m[35m (4.1ms)[0m  commit transaction
Migrating to AddAffiliateIdToPayolaSubscriptions (20141112024805)
  [1m[36m (0.1ms)[0m  [1mbegin transaction[0m
  [1m[35m (0.7ms)[0m  ALTER TABLE "payola_subscriptions" ADD "affiliate_id" integer
  [1m[36mSQL (0.2ms)[0m  [1mINSERT INTO "schema_migrations" ("version") VALUES (?)[0m  [["version", "20141112024805"]]
  [1m[35m (0.8ms)[0m  commit transaction
Migrating to AddCouponCodeToPayolaSubscriptions (20141114032013)
  [1m[36m (0.1ms)[0m  [1mbegin transaction[0m
  [1m[35m (0.6ms)[0m  ALTER TABLE "payola_subscriptions" ADD "coupon" varchar
  [1m[36mSQL (0.2ms)[0m  [1mINSERT INTO "schema_migrations" ("version") VALUES (?)[0m  [["version", "20141114032013"]]
  [1m[35m (0.8ms)[0m  commit transaction
Migrating to AddSignedCustomFieldsToPayolaSubscription (20141114154223)
  [1m[36m (0.1ms)[0m  [1mbegin transaction[0m
  [1m[35m (1.1ms)[0m  ALTER TABLE "payola_subscriptions" ADD "signed_custom_fields" text
  [1m[36mSQL (0.2ms)[0m  [1mINSERT INTO "schema_migrations" ("version") VALUES (?)[0m  [["version", "20141114154223"]]
  [1m[35m (0.8ms)[0m  commit transaction
Migrating to AddAddressesToPayolaSubscription (20141114163841)
  [1m[36m (0.1ms)[0m  [1mbegin transaction[0m
  [1m[35m (0.7ms)[0m  ALTER TABLE "payola_subscriptions" ADD "customer_address" text
  [1m[36m (0.3ms)[0m  [1mALTER TABLE "payola_subscriptions" ADD "business_address" text[0m
  [1m[35mSQL (0.2ms)[0m  INSERT INTO "schema_migrations" ("version") VALUES (?)  [["version", "20141114163841"]]
  [1m[36m (0.7ms)[0m  [1mcommit transaction[0m
Migrating to AddSetupFeeToPayolaSubscriptions (20141122020755)
  [1m[35m (0.2ms)[0m  begin transaction
  [1m[36m (0.7ms)[0m  [1mALTER TABLE "payola_subscriptions" ADD "setup_fee" integer[0m
  [1m[35mSQL (0.2ms)[0m  INSERT INTO "schema_migrations" ("version") VALUES (?)  [["version", "20141122020755"]]
  [1m[36m (1.7ms)[0m  [1mcommit transaction[0m
Migrating to AddActiveToPayolaCoupon (20141213205847)
  [1m[35m (0.1ms)[0m  begin transaction
  [1m[36m (0.6ms)[0m  [1mALTER TABLE "payola_coupons" ADD "active" boolean DEFAULT 't'[0m
  [1m[35mSQL (0.2ms)[0m  INSERT INTO "schema_migrations" ("version") VALUES (?)  [["version", "20141213205847"]]
  [1m[36m (0.8ms)[0m  [1mcommit transaction[0m
Migrating to DeviseCreateUsers (20151013231611)
  [1m[35m (0.1ms)[0m  begin transaction
  [1m[36m (0.6ms)[0m  [1mCREATE TABLE "users" ("id" INTEGER PRIMARY KEY AUTOINCREMENT NOT NULL, "email" varchar DEFAULT '' NOT NULL, "encrypted_password" varchar DEFAULT '' NOT NULL, "reset_password_token" varchar, "reset_password_sent_at" datetime, "remember_created_at" datetime, "sign_in_count" integer DEFAULT 0 NOT NULL, "current_sign_in_at" datetime, "last_sign_in_at" datetime, "current_sign_in_ip" varchar, "last_sign_in_ip" varchar, "created_at" datetime NOT NULL, "updated_at" datetime NOT NULL) [0m
  [1m[35m (0.7ms)[0m  CREATE UNIQUE INDEX "index_users_on_email" ON "users" ("email")
  [1m[36m (0.1ms)[0m  [1m            SELECT sql
            FROM sqlite_master
            WHERE name='index_users_on_email' AND type='index'
            UNION ALL
            SELECT sql
            FROM sqlite_temp_master
            WHERE name='index_users_on_email' AND type='index'
[0m
  [1m[35m (0.2ms)[0m  CREATE UNIQUE INDEX "index_users_on_reset_password_token" ON "users" ("reset_password_token")
  [1m[36mSQL (0.2ms)[0m  [1mINSERT INTO "schema_migrations" ("version") VALUES (?)[0m  [["version", "20151013231611"]]
  [1m[35m (1.2ms)[0m  commit transaction
Migrating to AddNameToUsers (20151013231617)
  [1m[36m (0.1ms)[0m  [1mbegin transaction[0m
  [1m[35m (0.7ms)[0m  ALTER TABLE "users" ADD "name" varchar
  [1m[36mSQL (0.2ms)[0m  [1mINSERT INTO "schema_migrations" ("version") VALUES (?)[0m  [["version", "20151013231617"]]
  [1m[35m (1.2ms)[0m  commit transaction
  [1m[36mActiveRecord::SchemaMigration Load (0.2ms)[0m  [1mSELECT "schema_migrations".* FROM "schema_migrations"[0m
  [1m[35m (0.2ms)[0m              SELECT sql
            FROM sqlite_master
            WHERE name='index_payola_sales_on_owner_id_and_owner_type' AND type='index'
            UNION ALL
            SELECT sql
            FROM sqlite_temp_master
            WHERE name='index_payola_sales_on_owner_id_and_owner_type' AND type='index'

  [1m[36m (0.1ms)[0m  [1m            SELECT sql
            FROM sqlite_master
            WHERE name='index_payola_sales_on_stripe_customer_id' AND type='index'
            UNION ALL
            SELECT sql
            FROM sqlite_temp_master
            WHERE name='index_payola_sales_on_stripe_customer_id' AND type='index'
[0m
  [1m[35m (0.1ms)[0m              SELECT sql
            FROM sqlite_master
            WHERE name='index_payola_sales_on_guid' AND type='index'
            UNION ALL
            SELECT sql
            FROM sqlite_temp_master
            WHERE name='index_payola_sales_on_guid' AND type='index'

  [1m[36m (0.2ms)[0m  [1m            SELECT sql
            FROM sqlite_master
            WHERE name='index_payola_sales_on_email' AND type='index'
            UNION ALL
            SELECT sql
            FROM sqlite_temp_master
            WHERE name='index_payola_sales_on_email' AND type='index'
[0m
  [1m[35m (0.1ms)[0m              SELECT sql
            FROM sqlite_master
            WHERE name='index_payola_sales_on_product' AND type='index'
            UNION ALL
            SELECT sql
            FROM sqlite_temp_master
            WHERE name='index_payola_sales_on_product' AND type='index'

  [1m[36m (0.1ms)[0m  [1m            SELECT sql
            FROM sqlite_master
            WHERE name='index_payola_sales_on_coupon_id' AND type='index'
            UNION ALL
            SELECT sql
            FROM sqlite_temp_master
            WHERE name='index_payola_sales_on_coupon_id' AND type='index'
[0m
  [1m[35m (0.2ms)[0m              SELECT sql
            FROM sqlite_master
            WHERE name='index_payola_subscriptions_on_guid' AND type='index'
            UNION ALL
            SELECT sql
            FROM sqlite_temp_master
            WHERE name='index_payola_subscriptions_on_guid' AND type='index'

  [1m[36m (0.2ms)[0m  [1m            SELECT sql
            FROM sqlite_master
            WHERE name='index_users_on_reset_password_token' AND type='index'
            UNION ALL
            SELECT sql
            FROM sqlite_temp_master
            WHERE name='index_users_on_reset_password_token' AND type='index'
[0m
  [1m[35m (0.1ms)[0m              SELECT sql
            FROM sqlite_master
            WHERE name='index_users_on_email' AND type='index'
            UNION ALL
            SELECT sql
            FROM sqlite_temp_master
            WHERE name='index_users_on_email' AND type='index'

  [1m[36mActiveRecord::SchemaMigration Load (0.5ms)[0m  [1mSELECT "schema_migrations".* FROM "schema_migrations"[0m
Migrating to AddRoleToUsers (20151013231633)
  [1m[35m (0.1ms)[0m  begin transaction
  [1m[36m (0.8ms)[0m  [1mALTER TABLE "users" ADD "role" integer[0m
  [1m[35mSQL (0.9ms)[0m  INSERT INTO "schema_migrations" ("version") VALUES (?)  [["version", "20151013231633"]]
  [1m[36m (1.0ms)[0m  [1mcommit transaction[0m
Migrating to CreatePlans (20151013231723)
  [1m[35m (0.1ms)[0m  begin transaction
  [1m[36m (0.6ms)[0m  [1mCREATE TABLE "plans" ("id" INTEGER PRIMARY KEY AUTOINCREMENT NOT NULL, "name" varchar, "stripe_id" varchar, "interval" varchar, "amount" integer, "created_at" datetime NOT NULL, "updated_at" datetime NOT NULL) [0m
  [1m[35mSQL (0.2ms)[0m  INSERT INTO "schema_migrations" ("version") VALUES (?)  [["version", "20151013231723"]]
  [1m[36m (0.9ms)[0m  [1mcommit transaction[0m
Migrating to AddPlanRefToUsers (20151013231729)
  [1m[35m (0.1ms)[0m  begin transaction
  [1m[36m (0.7ms)[0m  [1mALTER TABLE "users" ADD "plan_id" integer[0m
  [1m[35m (0.1ms)[0m  select sqlite_version(*)
  [1m[36m (0.2ms)[0m  [1m            SELECT sql
            FROM sqlite_master
            WHERE name='index_users_on_reset_password_token' AND type='index'
            UNION ALL
            SELECT sql
            FROM sqlite_temp_master
            WHERE name='index_users_on_reset_password_token' AND type='index'
[0m
  [1m[35m (0.1ms)[0m              SELECT sql
            FROM sqlite_master
            WHERE name='index_users_on_email' AND type='index'
            UNION ALL
            SELECT sql
            FROM sqlite_temp_master
            WHERE name='index_users_on_email' AND type='index'

  [1m[36m (0.5ms)[0m  [1mCREATE  INDEX "index_users_on_plan_id" ON "users" ("plan_id")[0m
  [1m[35mSQL (1.1ms)[0m  INSERT INTO "schema_migrations" ("version") VALUES (?)  [["version", "20151013231729"]]
  [1m[36m (1.0ms)[0m  [1mcommit transaction[0m
Migrating to RemoveNameFromUsers (20151013231735)
  [1m[35m (0.1ms)[0m  begin transaction
  [1m[36m (1.8ms)[0m  [1mCREATE TEMPORARY TABLE "ausers" ("id" INTEGER PRIMARY KEY AUTOINCREMENT NOT NULL, "email" varchar DEFAULT '' NOT NULL, "encrypted_password" varchar DEFAULT '' NOT NULL, "reset_password_token" varchar, "reset_password_sent_at" datetime, "remember_created_at" datetime, "sign_in_count" integer DEFAULT 0 NOT NULL, "current_sign_in_at" datetime, "last_sign_in_at" datetime, "current_sign_in_ip" varchar, "last_sign_in_ip" varchar, "created_at" datetime NOT NULL, "updated_at" datetime NOT NULL, "name" varchar, "role" integer, "plan_id" integer) [0m
  [1m[35m (0.1ms)[0m              SELECT sql
            FROM sqlite_master
            WHERE name='index_users_on_plan_id' AND type='index'
            UNION ALL
            SELECT sql
            FROM sqlite_temp_master
            WHERE name='index_users_on_plan_id' AND type='index'

  [1m[36m (0.1ms)[0m  [1m            SELECT sql
            FROM sqlite_master
            WHERE name='index_users_on_reset_password_token' AND type='index'
            UNION ALL
            SELECT sql
            FROM sqlite_temp_master
            WHERE name='index_users_on_reset_password_token' AND type='index'
[0m
  [1m[35m (0.1ms)[0m              SELECT sql
            FROM sqlite_master
            WHERE name='index_users_on_email' AND type='index'
            UNION ALL
            SELECT sql
            FROM sqlite_temp_master
            WHERE name='index_users_on_email' AND type='index'

  [1m[36m (0.2ms)[0m  [1mCREATE  INDEX "tindex_ausers_on_plan_id" ON "ausers" ("plan_id")[0m
  [1m[35m (0.4ms)[0m  CREATE UNIQUE INDEX "tindex_ausers_on_reset_password_token" ON "ausers" ("reset_password_token")
  [1m[36m (0.2ms)[0m  [1mCREATE UNIQUE INDEX "tindex_ausers_on_email" ON "ausers" ("email")[0m
  [1m[35m (0.1ms)[0m  SELECT * FROM "users"
  [1m[36m (1.4ms)[0m  [1mDROP TABLE "users"[0m
  [1m[35m (0.3ms)[0m  CREATE TABLE "users" ("id" INTEGER PRIMARY KEY AUTOINCREMENT NOT NULL, "email" varchar DEFAULT '' NOT NULL, "encrypted_password" varchar DEFAULT '' NOT NULL, "reset_password_token" varchar, "reset_password_sent_at" datetime, "remember_created_at" datetime, "sign_in_count" integer DEFAULT 0 NOT NULL, "current_sign_in_at" datetime, "last_sign_in_at" datetime, "current_sign_in_ip" varchar, "last_sign_in_ip" varchar, "created_at" datetime NOT NULL, "updated_at" datetime NOT NULL, "role" integer, "plan_id" integer) 
  [1m[36m (0.1ms)[0m  [1m            SELECT sql
            FROM sqlite_master
            WHERE name='tindex_ausers_on_email' AND type='index'
            UNION ALL
            SELECT sql
            FROM sqlite_temp_master
            WHERE name='tindex_ausers_on_email' AND type='index'
[0m
  [1m[35m (0.1ms)[0m              SELECT sql
            FROM sqlite_master
            WHERE name='tindex_ausers_on_reset_password_token' AND type='index'
            UNION ALL
            SELECT sql
            FROM sqlite_temp_master
            WHERE name='tindex_ausers_on_reset_password_token' AND type='index'

  [1m[36m (0.1ms)[0m  [1m            SELECT sql
            FROM sqlite_master
            WHERE name='tindex_ausers_on_plan_id' AND type='index'
            UNION ALL
            SELECT sql
            FROM sqlite_temp_master
            WHERE name='tindex_ausers_on_plan_id' AND type='index'
[0m
  [1m[35m (0.6ms)[0m  CREATE UNIQUE INDEX "index_users_on_email" ON "users" ("email")
  [1m[36m (0.1ms)[0m  [1m            SELECT sql
            FROM sqlite_master
            WHERE name='index_users_on_email' AND type='index'
            UNION ALL
            SELECT sql
            FROM sqlite_temp_master
            WHERE name='index_users_on_email' AND type='index'
[0m
  [1m[35m (0.2ms)[0m  CREATE UNIQUE INDEX "index_users_on_reset_password_token" ON "users" ("reset_password_token")
  [1m[36m (0.2ms)[0m  [1m            SELECT sql
            FROM sqlite_master
            WHERE name='index_users_on_reset_password_token' AND type='index'
            UNION ALL
            SELECT sql
            FROM sqlite_temp_master
            WHERE name='index_users_on_reset_password_token' AND type='index'
[0m
  [1m[35m (0.1ms)[0m              SELECT sql
            FROM sqlite_master
            WHERE name='index_users_on_email' AND type='index'
            UNION ALL
            SELECT sql
            FROM sqlite_temp_master
            WHERE name='index_users_on_email' AND type='index'

  [1m[36m (0.2ms)[0m  [1mCREATE  INDEX "index_users_on_plan_id" ON "users" ("plan_id")[0m
  [1m[35m (0.1ms)[0m  SELECT * FROM "ausers"
  [1m[36m (0.4ms)[0m  [1mDROP TABLE "ausers"[0m
  [1m[35mSQL (0.2ms)[0m  INSERT INTO "schema_migrations" ("version") VALUES (?)  [["version", "20151013231735"]]
  [1m[36m (1.6ms)[0m  [1mcommit transaction[0m
  [1m[35mActiveRecord::SchemaMigration Load (0.3ms)[0m  SELECT "schema_migrations".* FROM "schema_migrations"
  [1m[36m (0.2ms)[0m  [1m            SELECT sql
            FROM sqlite_master
            WHERE name='index_payola_sales_on_owner_id_and_owner_type' AND type='index'
            UNION ALL
            SELECT sql
            FROM sqlite_temp_master
            WHERE name='index_payola_sales_on_owner_id_and_owner_type' AND type='index'
[0m
  [1m[35m (0.2ms)[0m              SELECT sql
            FROM sqlite_master
            WHERE name='index_payola_sales_on_stripe_customer_id' AND type='index'
            UNION ALL
            SELECT sql
            FROM sqlite_temp_master
            WHERE name='index_payola_sales_on_stripe_customer_id' AND type='index'

  [1m[36m (0.2ms)[0m  [1m            SELECT sql
            FROM sqlite_master
            WHERE name='index_payola_sales_on_guid' AND type='index'
            UNION ALL
            SELECT sql
            FROM sqlite_temp_master
            WHERE name='index_payola_sales_on_guid' AND type='index'
[0m
  [1m[35m (0.1ms)[0m              SELECT sql
            FROM sqlite_master
            WHERE name='index_payola_sales_on_email' AND type='index'
            UNION ALL
            SELECT sql
            FROM sqlite_temp_master
            WHERE name='index_payola_sales_on_email' AND type='index'

  [1m[36m (0.2ms)[0m  [1m            SELECT sql
            FROM sqlite_master
            WHERE name='index_payola_sales_on_product' AND type='index'
            UNION ALL
            SELECT sql
            FROM sqlite_temp_master
            WHERE name='index_payola_sales_on_product' AND type='index'
[0m
  [1m[35m (0.1ms)[0m              SELECT sql
            FROM sqlite_master
            WHERE name='index_payola_sales_on_coupon_id' AND type='index'
            UNION ALL
            SELECT sql
            FROM sqlite_temp_master
            WHERE name='index_payola_sales_on_coupon_id' AND type='index'

  [1m[36m (0.2ms)[0m  [1m            SELECT sql
            FROM sqlite_master
            WHERE name='index_payola_subscriptions_on_guid' AND type='index'
            UNION ALL
            SELECT sql
            FROM sqlite_temp_master
            WHERE name='index_payola_subscriptions_on_guid' AND type='index'
[0m
  [1m[35m (0.2ms)[0m              SELECT sql
            FROM sqlite_master
            WHERE name='index_users_on_plan_id' AND type='index'
            UNION ALL
            SELECT sql
            FROM sqlite_temp_master
            WHERE name='index_users_on_plan_id' AND type='index'

  [1m[36m (0.1ms)[0m  [1m            SELECT sql
            FROM sqlite_master
            WHERE name='index_users_on_reset_password_token' AND type='index'
            UNION ALL
            SELECT sql
            FROM sqlite_temp_master
            WHERE name='index_users_on_reset_password_token' AND type='index'
[0m
  [1m[35m (0.1ms)[0m              SELECT sql
            FROM sqlite_master
            WHERE name='index_users_on_email' AND type='index'
            UNION ALL
            SELECT sql
            FROM sqlite_temp_master
            WHERE name='index_users_on_email' AND type='index'

  [1m[36mActiveRecord::SchemaMigration Load (0.5ms)[0m  [1mSELECT "schema_migrations".* FROM "schema_migrations"[0m
  [1m[35mActiveRecord::SchemaMigration Load (0.2ms)[0m  SELECT "schema_migrations".* FROM "schema_migrations"
  [1m[36m (0.2ms)[0m  [1m            SELECT sql
            FROM sqlite_master
            WHERE name='index_payola_sales_on_owner_id_and_owner_type' AND type='index'
            UNION ALL
            SELECT sql
            FROM sqlite_temp_master
            WHERE name='index_payola_sales_on_owner_id_and_owner_type' AND type='index'
[0m
  [1m[35m (0.2ms)[0m              SELECT sql
            FROM sqlite_master
            WHERE name='index_payola_sales_on_stripe_customer_id' AND type='index'
            UNION ALL
            SELECT sql
            FROM sqlite_temp_master
            WHERE name='index_payola_sales_on_stripe_customer_id' AND type='index'

  [1m[36m (0.1ms)[0m  [1m            SELECT sql
            FROM sqlite_master
            WHERE name='index_payola_sales_on_guid' AND type='index'
            UNION ALL
            SELECT sql
            FROM sqlite_temp_master
            WHERE name='index_payola_sales_on_guid' AND type='index'
[0m
  [1m[35m (0.2ms)[0m              SELECT sql
            FROM sqlite_master
            WHERE name='index_payola_sales_on_email' AND type='index'
            UNION ALL
            SELECT sql
            FROM sqlite_temp_master
            WHERE name='index_payola_sales_on_email' AND type='index'

  [1m[36m (0.1ms)[0m  [1m            SELECT sql
            FROM sqlite_master
            WHERE name='index_payola_sales_on_product' AND type='index'
            UNION ALL
            SELECT sql
            FROM sqlite_temp_master
            WHERE name='index_payola_sales_on_product' AND type='index'
[0m
  [1m[35m (0.1ms)[0m              SELECT sql
            FROM sqlite_master
            WHERE name='index_payola_sales_on_coupon_id' AND type='index'
            UNION ALL
            SELECT sql
            FROM sqlite_temp_master
            WHERE name='index_payola_sales_on_coupon_id' AND type='index'

  [1m[36m (0.2ms)[0m  [1m            SELECT sql
            FROM sqlite_master
            WHERE name='index_payola_subscriptions_on_guid' AND type='index'
            UNION ALL
            SELECT sql
            FROM sqlite_temp_master
            WHERE name='index_payola_subscriptions_on_guid' AND type='index'
[0m
  [1m[35m (0.2ms)[0m              SELECT sql
            FROM sqlite_master
            WHERE name='index_users_on_plan_id' AND type='index'
            UNION ALL
            SELECT sql
            FROM sqlite_temp_master
            WHERE name='index_users_on_plan_id' AND type='index'

  [1m[36m (0.1ms)[0m  [1m            SELECT sql
            FROM sqlite_master
            WHERE name='index_users_on_reset_password_token' AND type='index'
            UNION ALL
            SELECT sql
            FROM sqlite_temp_master
            WHERE name='index_users_on_reset_password_token' AND type='index'
[0m
  [1m[35m (0.2ms)[0m              SELECT sql
            FROM sqlite_master
            WHERE name='index_users_on_email' AND type='index'
            UNION ALL
            SELECT sql
            FROM sqlite_temp_master
            WHERE name='index_users_on_email' AND type='index'

  [1m[36mActiveRecord::SchemaMigration Load (0.6ms)[0m  [1mSELECT "schema_migrations".* FROM "schema_migrations"[0m
  [1m[35mUser Load (0.4ms)[0m  SELECT  "users".* FROM "users" WHERE "users"."email" = ? LIMIT 1  [["email", "user@example.com"]]
  [1m[36m (0.2ms)[0m  [1mbegin transaction[0m
  [1m[35m (0.5ms)[0m  SELECT DISTINCT stripe_id FROM "plans"
  [1m[36mUser Exists (0.2ms)[0m  [1mSELECT  1 AS one FROM "users" WHERE "users"."email" = 'user@example.com' LIMIT 1[0m
  [1m[35mSQL (1.4ms)[0m  INSERT INTO "users" ("email", "encrypted_password", "role", "created_at", "updated_at") VALUES (?, ?, ?, ?, ?)  [["email", "user@example.com"], ["encrypted_password", "$2a$10$DSdPidiFGZDZq.04FX4l5.wLgZdgG2pHeNXDzs83GPxFT4Q/qMKMW"], ["role", 1], ["created_at", "2015-10-13 23:18:46.310367"], ["updated_at", "2015-10-13 23:18:46.310367"]]
  [1m[36m (1.0ms)[0m  [1mcommit transaction[0m
  [1m[35m (0.1ms)[0m  begin transaction
  [1m[36m (0.1ms)[0m  [1mcommit transaction[0m
  [1m[35mPlan Load (0.2ms)[0m  SELECT  "plans".* FROM "plans" WHERE "plans"."name" = ?  ORDER BY "plans"."id" ASC LIMIT 1  [["name", "Platinum"]]
  [1m[36m (0.1ms)[0m  [1mbegin transaction[0m
  [1m[35m (0.2ms)[0m  rollback transaction
  [1m[36mActiveRecord::SchemaMigration Load (0.4ms)[0m  [1mSELECT "schema_migrations".* FROM "schema_migrations"[0m
  [1m[35mActiveRecord::SchemaMigration Load (0.2ms)[0m  SELECT "schema_migrations".* FROM "schema_migrations"
  [1m[36m (0.3ms)[0m  [1m            SELECT sql
            FROM sqlite_master
            WHERE name='index_payola_sales_on_owner_id_and_owner_type' AND type='index'
            UNION ALL
            SELECT sql
            FROM sqlite_temp_master
            WHERE name='index_payola_sales_on_owner_id_and_owner_type' AND type='index'
[0m
  [1m[35m (0.1ms)[0m              SELECT sql
            FROM sqlite_master
            WHERE name='index_payola_sales_on_stripe_customer_id' AND type='index'
            UNION ALL
            SELECT sql
            FROM sqlite_temp_master
            WHERE name='index_payola_sales_on_stripe_customer_id' AND type='index'

  [1m[36m (0.1ms)[0m  [1m            SELECT sql
            FROM sqlite_master
            WHERE name='index_payola_sales_on_guid' AND type='index'
            UNION ALL
            SELECT sql
            FROM sqlite_temp_master
            WHERE name='index_payola_sales_on_guid' AND type='index'
[0m
  [1m[35m (0.1ms)[0m              SELECT sql
            FROM sqlite_master
            WHERE name='index_payola_sales_on_email' AND type='index'
            UNION ALL
            SELECT sql
            FROM sqlite_temp_master
            WHERE name='index_payola_sales_on_email' AND type='index'

  [1m[36m (0.1ms)[0m  [1m            SELECT sql
            FROM sqlite_master
            WHERE name='index_payola_sales_on_product' AND type='index'
            UNION ALL
            SELECT sql
            FROM sqlite_temp_master
            WHERE name='index_payola_sales_on_product' AND type='index'
[0m
  [1m[35m (0.1ms)[0m              SELECT sql
            FROM sqlite_master
            WHERE name='index_payola_sales_on_coupon_id' AND type='index'
            UNION ALL
            SELECT sql
            FROM sqlite_temp_master
            WHERE name='index_payola_sales_on_coupon_id' AND type='index'

  [1m[36m (0.2ms)[0m  [1m            SELECT sql
            FROM sqlite_master
            WHERE name='index_payola_subscriptions_on_guid' AND type='index'
            UNION ALL
            SELECT sql
            FROM sqlite_temp_master
            WHERE name='index_payola_subscriptions_on_guid' AND type='index'
[0m
  [1m[35m (0.1ms)[0m              SELECT sql
            FROM sqlite_master
            WHERE name='index_users_on_plan_id' AND type='index'
            UNION ALL
            SELECT sql
            FROM sqlite_temp_master
            WHERE name='index_users_on_plan_id' AND type='index'

  [1m[36m (0.1ms)[0m  [1m            SELECT sql
            FROM sqlite_master
            WHERE name='index_users_on_reset_password_token' AND type='index'
            UNION ALL
            SELECT sql
            FROM sqlite_temp_master
            WHERE name='index_users_on_reset_password_token' AND type='index'
[0m
  [1m[35m (0.1ms)[0m              SELECT sql
            FROM sqlite_master
            WHERE name='index_users_on_email' AND type='index'
            UNION ALL
            SELECT sql
            FROM sqlite_temp_master
            WHERE name='index_users_on_email' AND type='index'

  [1m[36mActiveRecord::SchemaMigration Load (0.5ms)[0m  [1mSELECT "schema_migrations".* FROM "schema_migrations"[0m
  [1m[35mUser Load (0.6ms)[0m  SELECT  "users".* FROM "users" WHERE "users"."email" = ? LIMIT 1  [["email", "user@example.com"]]
  [1m[36m (0.6ms)[0m  [1mSELECT DISTINCT stripe_id FROM "plans"[0m
  [1m[35mPlan Load (0.3ms)[0m  SELECT  "plans".* FROM "plans" WHERE "plans"."name" = ?  ORDER BY "plans"."id" ASC LIMIT 1  [["name", "Platinum"]]
  [1m[36m (0.1ms)[0m  [1mbegin transaction[0m
  [1m[35m (0.2ms)[0m  rollback transaction
  [1m[36mActiveRecord::SchemaMigration Load (0.6ms)[0m  [1mSELECT "schema_migrations".* FROM "schema_migrations"[0m
  [1m[35mUser Load (0.6ms)[0m  SELECT  "users".* FROM "users" WHERE "users"."email" = ? LIMIT 1  [["email", "user@example.com"]]
  [1m[36m (0.5ms)[0m  [1mSELECT DISTINCT stripe_id FROM "plans"[0m
  [1m[35mPlan Load (0.2ms)[0m  SELECT  "plans".* FROM "plans" WHERE "plans"."name" = ?  ORDER BY "plans"."id" ASC LIMIT 1  [["name", "Platinum"]]
  [1m[36m (0.1ms)[0m  [1mbegin transaction[0m
  [1m[35mSQL (2.5ms)[0m  INSERT INTO "plans" ("name", "amount", "interval", "stripe_id", "created_at", "updated_at") VALUES (?, ?, ?, ?, ?, ?)  [["name", "Platinum"], ["amount", 2900], ["interval", "month"], ["stripe_id", "platinum"], ["created_at", "2015-10-13 23:40:28.831029"], ["updated_at", "2015-10-13 23:40:28.831029"]]
  [1m[36m (5.3ms)[0m  [1mcommit transaction[0m
  [1m[35mPlan Load (0.2ms)[0m  SELECT  "plans".* FROM "plans" WHERE "plans"."name" = ?  ORDER BY "plans"."id" ASC LIMIT 1  [["name", "Gold"]]
  [1m[36m (0.1ms)[0m  [1mbegin transaction[0m
  [1m[35mSQL (0.5ms)[0m  INSERT INTO "plans" ("name", "amount", "interval", "stripe_id", "created_at", "updated_at") VALUES (?, ?, ?, ?, ?, ?)  [["name", "Gold"], ["amount", 1900], ["interval", "month"], ["stripe_id", "gold"], ["created_at", "2015-10-13 23:40:29.842780"], ["updated_at", "2015-10-13 23:40:29.842780"]]
  [1m[36m (3.5ms)[0m  [1mcommit transaction[0m
  [1m[35mPlan Load (0.2ms)[0m  SELECT  "plans".* FROM "plans" WHERE "plans"."name" = ?  ORDER BY "plans"."id" ASC LIMIT 1  [["name", "Silver"]]
  [1m[36m (0.1ms)[0m  [1mbegin transaction[0m
  [1m[35mSQL (0.5ms)[0m  INSERT INTO "plans" ("name", "amount", "interval", "stripe_id", "created_at", "updated_at") VALUES (?, ?, ?, ?, ?, ?)  [["name", "Silver"], ["amount", 900], ["interval", "month"], ["stripe_id", "silver"], ["created_at", "2015-10-13 23:40:30.332362"], ["updated_at", "2015-10-13 23:40:30.332362"]]
  [1m[36m (2.5ms)[0m  [1mcommit transaction[0m


Started GET "/users/sign_in" for ::1 at 2015-10-13 18:53:23 -0500
  [1m[36mActiveRecord::SchemaMigration Load (0.5ms)[0m  [1mSELECT "schema_migrations".* FROM "schema_migrations"[0m
Processing by Devise::SessionsController#new as HTML
  [1m[35m (0.5ms)[0m  SELECT DISTINCT stripe_id FROM "plans"
  [1m[36mPlan Load (0.4ms)[0m  [1mSELECT  "plans".* FROM "plans"  ORDER BY "plans"."id" DESC LIMIT 1[0m
  Rendered devise/sessions/new.html.erb within layouts/application (34.4ms)
  Rendered layouts/_navigation_links.html.erb (6.2ms)
  Rendered layouts/_navigation.html.erb (11.8ms)
  Rendered layouts/_messages.html.erb (1.0ms)
Completed 200 OK in 24221ms (Views: 22755.3ms | ActiveRecord: 2.1ms)
  [1m[36mUser Load (0.5ms)[0m  [1mSELECT  "users".* FROM "users" WHERE "users"."email" = ? LIMIT 1[0m  [["email", "altuzar@gmail.com"]]
  [1m[35m (0.2ms)[0m  begin transaction
  [1m[36m (0.2ms)[0m  [1mSELECT DISTINCT stripe_id FROM "plans"[0m
  [1m[35mUser Exists (0.2ms)[0m  SELECT  1 AS one FROM "users" WHERE "users"."email" = 'altuzar@gmail.com' LIMIT 1
  [1m[36mSQL (1.2ms)[0m  [1mINSERT INTO "users" ("email", "encrypted_password", "role", "created_at", "updated_at") VALUES (?, ?, ?, ?, ?)[0m  [["email", "altuzar@gmail.com"], ["encrypted_password", "$2a$10$mwg6jt9qOVqDpO7bbX5ZmOoHSBOCN5h.Qihnv4vgKYrPh8HzElHuG"], ["role", 1], ["created_at", "2015-10-13 23:55:47.239197"], ["updated_at", "2015-10-13 23:55:47.239197"]]
  [1m[35m (1.0ms)[0m  commit transaction
  [1m[36m (0.1ms)[0m  [1mbegin transaction[0m
  [1m[35m (0.1ms)[0m  commit transaction


Started POST "/users/sign_in" for ::1 at 2015-10-13 18:56:07 -0500
  [1m[36mActiveRecord::SchemaMigration Load (0.5ms)[0m  [1mSELECT "schema_migrations".* FROM "schema_migrations"[0m
Processing by Devise::SessionsController#create as HTML
  Parameters: {"utf8"=>"✓", "authenticity_token"=>"YXizidIXbi7n0k3lX1mAKL+K9GHZOs7hdUjO4bfUQZjB6Ho/72eCPr1CHkPWlsTxI1iGjnP42S9YEH8CQgpimg==", "user"=>{"email"=>"altuzar@gmail.com", "password"=>"[FILTERED]", "remember_me"=>"0"}, "commit"=>"Sign in"}
  [1m[35mUser Load (1.3ms)[0m  SELECT  "users".* FROM "users" WHERE "users"."email" = ?  ORDER BY "users"."id" ASC LIMIT 1  [["email", "altuzar@gmail.com"]]
  [1m[36m (0.2ms)[0m  [1mbegin transaction[0m
  [1m[35mSQL (1.1ms)[0m  UPDATE "users" SET "last_sign_in_at" = ?, "current_sign_in_at" = ?, "last_sign_in_ip" = ?, "current_sign_in_ip" = ?, "sign_in_count" = ?, "updated_at" = ? WHERE "users"."id" = ?  [["last_sign_in_at", "2015-10-13 23:56:08.343811"], ["current_sign_in_at", "2015-10-13 23:56:08.343811"], ["last_sign_in_ip", "::1"], ["current_sign_in_ip", "::1"], ["sign_in_count", 1], ["updated_at", "2015-10-13 23:56:08.345421"], ["id", 2]]
  [1m[36m (0.8ms)[0m  [1mcommit transaction[0m
Redirected to http://localhost:3000/users
Completed 302 Found in 3544ms (ActiveRecord: 4.1ms)


Started GET "/users" for ::1 at 2015-10-13 18:56:12 -0500
Processing by UsersController#index as HTML
  [1m[35mUser Load (0.4ms)[0m  SELECT  "users".* FROM "users" WHERE "users"."id" = ?  ORDER BY "users"."id" ASC LIMIT 1  [["id", 2]]
  [1m[36mUser Load (0.3ms)[0m  [1mSELECT "users".* FROM "users"[0m
  Rendered users/_user.html.erb (9.3ms)
  Rendered users/_user.html.erb (3.3ms)
  Rendered users/index.html.erb within layouts/application (39.3ms)
  Rendered layouts/_navigation_links.html.erb (2.9ms)
  Rendered layouts/_navigation.html.erb (8.5ms)
  Rendered layouts/_messages.html.erb (2.3ms)
Completed 200 OK in 2061ms (Views: 2057.4ms | ActiveRecord: 0.8ms)


Started GET "/users/edit" for ::1 at 2015-10-13 18:56:18 -0500
Processing by RegistrationsController#edit as HTML
  [1m[35mUser Load (0.2ms)[0m  SELECT  "users".* FROM "users" WHERE "users"."id" = ?  ORDER BY "users"."id" ASC LIMIT 1  [["id", 2]]
  [1m[36m (0.8ms)[0m  [1mSELECT DISTINCT stripe_id FROM "plans"[0m
  [1m[35mPlan Load (0.3ms)[0m  SELECT "plans".* FROM "plans"
  Rendered devise/registrations/edit.html.erb within layouts/application (325.8ms)
  Rendered layouts/_navigation_links.html.erb (1.5ms)
  Rendered layouts/_navigation.html.erb (17.3ms)
  Rendered layouts/_messages.html.erb (0.3ms)
Completed 200 OK in 1442ms (Views: 1437.4ms | ActiveRecord: 1.9ms)


Started DELETE "/users/sign_out" for ::1 at 2015-10-13 18:56:26 -0500
Processing by Devise::SessionsController#destroy as HTML
  Parameters: {"authenticity_token"=>"pkXPE0ohRQD2bIXbnaVvBjO+axK8Rm0Vt2CTKbXPEMVRtT5KK+Ktxk2FOpUXIc/bG6WWiPC0GiePrZfD7ZBGDw=="}
  [1m[36mUser Load (0.2ms)[0m  [1mSELECT  "users".* FROM "users" WHERE "users"."id" = ?  ORDER BY "users"."id" ASC LIMIT 1[0m  [["id", 2]]
  [1m[35m (0.1ms)[0m  begin transaction
  [1m[36m (0.1ms)[0m  [1mcommit transaction[0m
Redirected to http://localhost:3000/
Completed 302 Found in 37ms (ActiveRecord: 0.4ms)


Started GET "/" for ::1 at 2015-10-13 18:56:26 -0500
Processing by VisitorsController#index as HTML
  Rendered visitors/index.html.erb within layouts/application (2.7ms)
  Rendered layouts/_navigation_links.html.erb (0.5ms)
  Rendered layouts/_navigation.html.erb (2.5ms)
  Rendered layouts/_messages.html.erb (0.4ms)
Completed 200 OK in 424ms (Views: 423.1ms | ActiveRecord: 0.0ms)


Started GET "/users/sign_up?plan=gold" for ::1 at 2015-10-13 18:56:30 -0500
Processing by RegistrationsController#new as HTML
  Parameters: {"plan"=>"gold"}
  [1m[35mPlan Load (0.3ms)[0m  SELECT  "plans".* FROM "plans"  ORDER BY "plans"."id" DESC LIMIT 1
  [1m[36mPlan Load (0.3ms)[0m  [1mSELECT  "plans".* FROM "plans" WHERE "plans"."stripe_id" = ? LIMIT 1[0m  [["stripe_id", "gold"]]
  Rendered /Users/altuzar/.rvm/gems/ruby-2.1.2/gems/payola-payments-1.3.2/app/views/payola/transactions/_stripe_header.html.erb (0.7ms)
  [1m[35mPlan Load (0.5ms)[0m  SELECT "plans".* FROM "plans"
  Rendered devise/registrations/new.html.erb within layouts/application (73.4ms)
  Rendered layouts/_navigation_links.html.erb (1.2ms)
  Rendered layouts/_navigation.html.erb (18.9ms)
  Rendered layouts/_messages.html.erb (0.2ms)
Completed 200 OK in 598ms (Views: 553.5ms | ActiveRecord: 1.1ms)


Started GET "/users/sign_in" for ::1 at 2015-10-13 18:56:35 -0500
Processing by Devise::SessionsController#new as HTML
  [1m[36mPlan Load (0.3ms)[0m  [1mSELECT  "plans".* FROM "plans"  ORDER BY "plans"."id" DESC LIMIT 1[0m
  Rendered devise/sessions/new.html.erb within layouts/application (50.2ms)
  Rendered layouts/_navigation_links.html.erb (2.9ms)
  Rendered layouts/_navigation.html.erb (5.8ms)
  Rendered layouts/_messages.html.erb (0.2ms)
Completed 200 OK in 571ms (Views: 567.5ms | ActiveRecord: 0.3ms)


Started POST "/users/sign_in" for ::1 at 2015-10-13 18:56:38 -0500
Processing by Devise::SessionsController#create as HTML
  Parameters: {"utf8"=>"✓", "authenticity_token"=>"zxe27VhGsWTNhDJHxMLfrUpAjS1SyWJ6zB6QNRhYZr/m6Z6VWT5VVEkYjtP7KWxwYwgNGtiOJeeKKNoWLijimg==", "user"=>{"email"=>"altuzar@gmail.com", "password"=>"[FILTERED]", "remember_me"=>"0"}, "commit"=>"Sign in"}
  [1m[35mUser Load (0.2ms)[0m  SELECT  "users".* FROM "users" WHERE "users"."email" = ?  ORDER BY "users"."id" ASC LIMIT 1  [["email", "altuzar@gmail.com"]]
  [1m[36m (0.1ms)[0m  [1mbegin transaction[0m
  [1m[35mSQL (0.8ms)[0m  UPDATE "users" SET "current_sign_in_at" = ?, "sign_in_count" = ?, "updated_at" = ? WHERE "users"."id" = ?  [["current_sign_in_at", "2015-10-13 23:56:38.390148"], ["sign_in_count", 2], ["updated_at", "2015-10-13 23:56:38.392457"], ["id", 2]]
  [1m[36m (3.5ms)[0m  [1mcommit transaction[0m
Redirected to http://localhost:3000/users
Completed 302 Found in 316ms (ActiveRecord: 4.7ms)


Started GET "/users" for ::1 at 2015-10-13 18:56:38 -0500
Processing by UsersController#index as HTML
  [1m[35mUser Load (10.7ms)[0m  SELECT  "users".* FROM "users" WHERE "users"."id" = ?  ORDER BY "users"."id" ASC LIMIT 1  [["id", 2]]
  [1m[36mUser Load (0.3ms)[0m  [1mSELECT "users".* FROM "users"[0m
  Rendered users/_user.html.erb (2.2ms)
  Rendered users/_user.html.erb (2.3ms)
  Rendered users/index.html.erb within layouts/application (8.3ms)
  Rendered layouts/_navigation_links.html.erb (1.0ms)
  Rendered layouts/_navigation.html.erb (7.2ms)
  Rendered layouts/_messages.html.erb (1.6ms)
Completed 200 OK in 540ms (Views: 524.7ms | ActiveRecord: 11.0ms)
